<?xml version="1.0" encoding="UTF-8"?>
<!-- Generated by org.testng.reporters.JUnitReportReporter -->
<testsuite skipped="0" hostname="Nitz" name="Basics.demo" tests="1" failures="0" timestamp="2019-10-18T13:03:24 IST" time="6.031" errors="0">
  <testcase name="abc" time="6.031" classname="Basics.demo"/>
</testsuite> <!-- Basics.demo -->
