<?xml version="1.0" encoding="UTF-8"?>
<!-- Generated by org.testng.reporters.JUnitReportReporter -->
<testsuite skipped="0" hostname="Nitz" name="Basics.extentReport" tests="1" failures="0" timestamp="2019-10-21T18:58:47 IST" time="22.681" errors="0">
  <testcase name="reportintialise" time="22.681" classname="Basics.extentReport"/>
</testsuite> <!-- Basics.extentReport -->
